0 verbose cli /Users/dinhphu/.nvm/versions/node/v16.17.0/bin/node /Users/dinhphu/.nvm/versions/node/v16.17.0/bin/npm
1 info using npm@8.15.0
2 info using node@v16.17.0
3 timing npm:load:whichnode Completed in 0ms
4 timing config:load:defaults Completed in 1ms
5 timing config:load:file:/Users/dinhphu/.nvm/versions/node/v16.17.0/lib/node_modules/npm/npmrc Completed in 1ms
6 timing config:load:builtin Completed in 1ms
7 timing config:load:cli Completed in 1ms
8 warn config tmp This setting is no longer used.  npm stores temporary files in a special
8 warn config location in the cache, and they are managed by
8 warn config     [`cacache`](http://npm.im/cacache).
9 timing config:load:env Completed in 1ms
10 timing config:load:file:/Volumes/My_Data/WORKs/iDB/LinhAnh/Reports/Source-Code/FE/lareport/.npmrc Completed in 0ms
11 timing config:load:project Completed in 6ms
12 timing config:load:file:/Users/dinhphu/.npmrc Completed in 1ms
13 timing config:load:user Completed in 1ms
14 timing config:load:file:/Volumes/My_Data/WORKs/iDB/LinhAnh/Reports/Source-Code/FE/lareport/npm/etc/npmrc Completed in 1ms
15 timing config:load:global Completed in 1ms
16 timing config:load:validate Completed in 0ms
17 timing config:load:credentials Completed in 1ms
18 timing config:load:setEnvs Completed in 0ms
19 timing config:load Completed in 13ms
20 timing npm:load:configload Completed in 13ms
21 timing npm:load:mkdirpcache Completed in 0ms
22 timing npm:load:mkdirplogs Completed in 0ms
23 verbose title npm run build
24 verbose argv "run" "build"
25 timing npm:load:setTitle Completed in 21ms
26 timing config:load:flatten Completed in 1ms
27 timing npm:load:display Completed in 4ms
28 verbose logfile logs-max:10 dir:/Volumes/My_Data/WORKs/iDB/LinhAnh/Reports/Source-Code/FE/lareport/npm/cache/_logs
29 verbose logfile /Volumes/My_Data/WORKs/iDB/LinhAnh/Reports/Source-Code/FE/lareport/npm/cache/_logs/2023-01-31T08_23_24_707Z-debug-0.log
30 timing npm:load:logFile Completed in 4ms
31 timing npm:load:timers Completed in 0ms
32 timing npm:load:configScope Completed in 0ms
33 timing npm:load Completed in 45ms
34 silly logfile done cleaning log files
35 timing command:run Completed in 41275ms
36 verbose exit 0
37 timing npm Completed in 41327ms
38 info ok
